   Pitt   | Mean(ppb)|   Error  | chi2/ndf |
--------------------------------------------
    1.00  |  362.29  |   74.71  |    n/a   |
    2.00  |  523.14  |   90.39  |    n/a   |
    3.00  |  441.15  |   57.75  |    n/a   |
    4.00  |  413.91  |   65.46  |    n/a   |
    5.00  |  464.41  |   63.51  |    n/a   |
    6.00  |  464.96  |   58.02  |    n/a   |
    7.00  |  406.31  |   60.97  |    n/a   |
    8.00  |  602.54  |   66.59  |    n/a   |
    9.00  |  492.13  |   64.62  |    n/a   |
   10.00  |  532.95  |   96.71  |    n/a   |
   11.00  |  575.61  |   67.03  |    n/a   |
   12.00  |  451.21  |   64.94  |    n/a   |
   13.00  |  468.98  |   70.99  |    n/a   |
   14.00  |  618.37  |   97.64  |    n/a   |
   15.00  |  500.25  |   69.10  |    n/a   |
   16.00  |  506.75  |   66.97  |    n/a   |
   17.00  |  553.59  |   66.60  |    n/a   |
   18.00  |  603.09  |   76.39  |    n/a   |
   19.00  |  513.71  |   66.43  |    n/a   |
   20.00  |  405.30  |   68.80  |    n/a   |
   21.00  |  610.13  |   64.05  |    n/a   |
   22.00  |  470.19  |   65.86  |    n/a   |
   23.00  |  422.63  |   97.09  |    n/a   |
--------------------------------------------
  Average |  491.40  |   14.39  | 23.1/22  |
--------------------------------------------
