   Pitt   | Mean(ppb)|   Error  | chi2/ndf |
--------------------------------------------
    1.00  | -112.49  |   74.83  |    n/a   |
    2.00  |   23.92  |   90.79  |    n/a   |
    3.00  |    6.16  |   58.18  |    n/a   |
    4.00  |   39.99  |   66.82  |    n/a   |
    5.00  |  110.86  |   63.63  |    n/a   |
    6.00  |  -70.83  |   58.12  |    n/a   |
    7.00  |   84.99  |   61.77  |    n/a   |
    8.00  |  -69.55  |   66.61  |    n/a   |
    9.00  |   79.46  |   64.78  |    n/a   |
   10.00  |   35.11  |   96.72  |    n/a   |
   11.00  |   58.44  |   67.19  |    n/a   |
   12.00  |    5.16  |   65.42  |    n/a   |
   13.00  |  108.29  |   71.01  |    n/a   |
   14.00  |  -36.95  |   97.65  |    n/a   |
   15.00  |  -90.29  |   69.17  |    n/a   |
   16.00  |  152.06  |   67.00  |    n/a   |
   17.00  |  -41.28  |   66.66  |    n/a   |
   18.00  |  -45.80  |   79.60  |    n/a   |
   19.00  | -121.98  |   66.44  |    n/a   |
   20.00  |   73.34  |   68.81  |    n/a   |
   21.00  |   62.96  |   64.08  |    n/a   |
   22.00  |  205.03  |   65.88  |    n/a   |
   23.00  |  343.70  |   97.13  |    n/a   |
--------------------------------------------
  Average |   30.59  |   14.46  | 45.8/22  |
--------------------------------------------
